<?xml version="1.0" encoding="UTF-8"?>
<!-- Generated by org.testng.reporters.JUnitReportReporter -->
<testsuite hostname="DESKTOP-0ILCENT" failures="0" tests="1" name="testng.SampleTest" time="4.026" errors="0" timestamp="2022-10-06T04:44:46 GST" skipped="0">
  <testcase classname="testng.SampleTest" name="sampleMethod" time="4.026"/>
  <system-out/>
</testsuite> <!-- testng.SampleTest -->
