<?xml version="1.0" encoding="UTF-8"?>
<!-- Generated by org.testng.reporters.JUnitReportReporter -->
<testsuite hostname="DESKTOP-0ILCENT" failures="0" tests="2" name="testng.DataProvider2" time="0.010" errors="0" timestamp="2022-10-06T08:44:35 GST" skipped="0">
  <testcase classname="testng.DataProvider2" name="myTest" time="0.007"/>
  <system-out/>
  <testcase classname="testng.DataProvider2" name="myTest" time="0.003"/>
  <system-out/>
</testsuite> <!-- testng.DataProvider2 -->
