<?xml version="1.0" encoding="UTF-8"?>
<!-- Generated by org.testng.reporters.JUnitReportReporter -->
<testsuite hostname="DESKTOP-0ILCENT" failures="0" tests="3" name="testCases.NewTest" time="44.763" errors="0" timestamp="2022-10-11T06:29:01 GST" skipped="0">
  <testcase classname="testCases.NewTest" name="login" time="11.883"/>
  <system-out/>
  <testcase classname="testCases.NewTest" name="dashBoardProfile" time="14.954"/>
  <system-out/>
  <testcase classname="testCases.NewTest" name="getClientDetails" time="17.926"/>
  <system-out/>
</testsuite> <!-- testCases.NewTest -->
