<?xml version="1.0" encoding="UTF-8"?>
<!-- Generated by org.testng.reporters.JUnitReportReporter -->
<testsuite hostname="DESKTOP-0ILCENT" failures="0" tests="1" name="testng.Test1" time="13.896" errors="0" timestamp="2022-10-10T08:15:24 GST" skipped="0">
  <testcase classname="testng.Test1" name="editWorkersTab" time="13.896"/>
  <system-out/>
</testsuite> <!-- testng.Test1 -->
