<?xml version="1.0" encoding="UTF-8"?>
<!-- Generated by org.testng.reporters.JUnitReportReporter -->
<testsuite hostname="DESKTOP-0ILCENT" failures="0" tests="2" name="testng.Home_loan" time="0.003" errors="0" timestamp="2022-10-06T08:10:55 GST" skipped="0">
  <testcase classname="testng.Home_loan" name="APILoginHomeLoan" time="0.001"/>
  <system-out/>
  <testcase classname="testng.Home_loan" name="WebLoginHomeLoan" time="0.002"/>
  <system-out/>
</testsuite> <!-- testng.Home_loan -->
