<?xml version="1.0" encoding="UTF-8"?>
<!-- Generated by org.testng.reporters.JUnitReportReporter -->
<testsuite hostname="DESKTOP-0ILCENT" failures="0" tests="3" name="testng.TestDemo" time="8.773" errors="0" timestamp="2022-10-06T07:59:11 GST" skipped="0">
  <testcase classname="testng.TestDemo" name="getColorLogin" time="4.258"/>
  <system-out/>
  <testcase classname="testng.TestDemo" name="getBgColorLoginBtn" time="2.329"/>
  <system-out/>
  <testcase classname="testng.TestDemo" name="loginBtn" time="2.186"/>
  <system-out/>
</testsuite> <!-- testng.TestDemo -->
