<?xml version="1.0" encoding="UTF-8"?>
<!-- Generated by org.testng.reporters.JUnitReportReporter -->
<testsuite hostname="DESKTOP-0ILCENT" failures="0" tests="3" name="testng.BasicTestngTest" time="0.016" errors="0" timestamp="2022-10-01T17:15:29 GST" skipped="0">
  <testcase classname="testng.BasicTestngTest" name="testCase2" time="0.008"/>
  <system-out/>
  <testcase classname="testng.BasicTestngTest" name="testCase3" time="0.001"/>
  <system-out/>
  <testcase classname="testng.BasicTestngTest" name="testCase1" time="0.007"/>
  <system-out/>
</testsuite> <!-- testng.BasicTestngTest -->
