<?xml version="1.0" encoding="UTF-8"?>
<!-- Generated by org.testng.reporters.JUnitReportReporter -->
<testsuite hostname="DESKTOP-0ILCENT" failures="0" tests="4" name="testng.DataproviderTesting" time="0.008" errors="0" timestamp="2022-10-03T08:11:45 GST" skipped="0">
  <testcase classname="testng.DataproviderTesting" name="testCase01" time="0.001"/>
  <system-out/>
  <testcase classname="testng.DataproviderTesting" name="testCase01" time="0.001"/>
  <system-out/>
  <testcase classname="testng.DataproviderTesting" name="testCase01" time="0.005"/>
  <system-out/>
  <testcase classname="testng.DataproviderTesting" name="testCase01" time="0.001"/>
  <system-out/>
</testsuite> <!-- testng.DataproviderTesting -->
