<?xml version="1.0" encoding="UTF-8"?>
<!-- Generated by org.testng.reporters.JUnitReportReporter -->
<testsuite hostname="DESKTOP-0ILCENT" failures="0" tests="2" name="testng.BasicAssertion" time="8.883" errors="0" timestamp="2022-10-04T16:37:47 GST" skipped="0">
  <testcase classname="testng.BasicAssertion" name="parameterTesting" time="3.565"/>
  <system-out/>
  <testcase classname="testng.BasicAssertion" name="loginButtonBgColorvalidation" time="5.318"/>
  <system-out/>
</testsuite> <!-- testng.BasicAssertion -->
