<?xml version="1.0" encoding="UTF-8"?>
<!-- Generated by org.testng.reporters.JUnitReportReporter -->
<testsuite hostname="DESKTOP-0ILCENT" failures="0" tests="1" name="testng.BasicAssertion2UsingBrowser" time="11.162" errors="0" timestamp="2022-10-07T07:26:23 GST" skipped="0">
  <testcase classname="testng.BasicAssertion2UsingBrowser" name="loginButtonBgColorValidation" time="11.162"/>
  <system-out/>
</testsuite> <!-- testng.BasicAssertion2UsingBrowser -->
