<?xml version="1.0" encoding="UTF-8"?>
<!-- Generated by org.testng.reporters.JUnitReportReporter -->
<testsuite hostname="DESKTOP-0ILCENT" failures="0" tests="2" name="testng.Personal_loan" time="0.011" errors="0" timestamp="2022-10-06T08:10:55 GST" skipped="0">
  <testcase classname="testng.Personal_loan" name="APILoginPersonalLoan" time="0.009"/>
  <system-out/>
  <testcase classname="testng.Personal_loan" name="MobileLoginPersonalLoan" time="0.002"/>
  <system-out/>
</testsuite> <!-- testng.Personal_loan -->
